<?xml version="1.0" encoding="UTF-8"?>
<!-- Generated by org.testng.reporters.JUnitReportReporter -->
<testsuite hostname="DESKTOP-L1TOHQL" failures="0" tests="3" name="com.AmazonTestCases.AccountCreationTC" time="10.288" errors="0" timestamp="2021-12-27T06:56:17 GMT" skipped="0">
  <testcase classname="com.AmazonTestCases.AccountCreationTC" name="validAccountcreationTC" time="1.388"/>
  <system-out/>
  <testcase classname="com.AmazonTestCases.AccountCreationTC" name="validAccountcreationTC" time="0.548"/>
  <system-out/>
  <testcase classname="com.AmazonTestCases.AccountCreationTC" name="navigateToAccountFrm" time="8.352"/>
  <system-out/>
</testsuite> <!-- com.AmazonTestCases.AccountCreationTC -->
