<?xml version="1.0" encoding="UTF-8"?>
<!-- Generated by org.testng.reporters.JUnitReportReporter -->
<testsuite hostname="DESKTOP-L1TOHQL" failures="0" tests="1" name="com.AmazonTestCases.AddToCartTC" time="38.228" errors="0" timestamp="2022-01-06T14:05:34 GMT" skipped="0">
  <testcase classname="com.AmazonTestCases.AddToCartTC" name="addToCart" time="38.228"/>
  <system-out/>
</testsuite> <!-- com.AmazonTestCases.AddToCartTC -->
