<?xml version="1.0" encoding="UTF-8"?>
<!-- Generated by org.testng.reporters.JUnitReportReporter -->
<testsuite hostname="DESKTOP-L1TOHQL" failures="0" tests="3" name="com.AmazonTestCases.AmazonLoginTC" time="23.996" errors="0" timestamp="2022-01-04T05:41:18 GMT" skipped="0">
  <testcase classname="com.AmazonTestCases.AmazonLoginTC" name="validLogin" time="17.836"/>
  <system-out/>
  <testcase classname="com.AmazonTestCases.AmazonLoginTC" name="getAllLinks" time="4.566"/>
  <system-out/>
  <testcase classname="com.AmazonTestCases.AmazonLoginTC" name="logOut" time="1.594"/>
  <system-out/>
</testsuite> <!-- com.AmazonTestCases.AmazonLoginTC -->
