<?xml version="1.0" encoding="UTF-8"?>
<!-- Generated by org.testng.reporters.JUnitReportReporter -->
<testsuite hostname="DESKTOP-L1TOHQL" failures="0" tests="3" name="com.AmazonTestCases.AmazonLoginTC" time="12.334" errors="0" timestamp="2021-12-27T06:56:17 GMT" skipped="0">
  <testcase classname="com.AmazonTestCases.AmazonLoginTC" name="validLogin" time="6.805"/>
  <system-out/>
  <testcase classname="com.AmazonTestCases.AmazonLoginTC" name="getAllLinks" time="3.973"/>
  <system-out/>
  <testcase classname="com.AmazonTestCases.AmazonLoginTC" name="logOut" time="1.556"/>
  <system-out/>
</testsuite> <!-- com.AmazonTestCases.AmazonLoginTC -->
