<?xml version="1.0" encoding="UTF-8"?>
<!-- Generated by org.testng.reporters.JUnitReportReporter -->
<testsuite hostname="DESKTOP-L1TOHQL" failures="0" tests="3" name="com.AmazonTestCases.AmazonLoginTC" time="21.724" errors="0" timestamp="2022-01-12T17:22:56 GMT" skipped="0">
  <testcase classname="com.AmazonTestCases.AmazonLoginTC" name="validLogin" time="18.596"/>
  <system-out/>
  <testcase classname="com.AmazonTestCases.AmazonLoginTC" name="logOut" time="3.046"/>
  <system-out/>
  <testcase classname="com.AmazonTestCases.AmazonLoginTC" name="getAllLinks" time="0.082"/>
  <system-out/>
</testsuite> <!-- com.AmazonTestCases.AmazonLoginTC -->
